<?xml version="1.0" encoding="UTF-8"?>
<!-- Generated by org.testng.reporters.JUnitXMLReporter -->
<testsuite ignored="0" hostname="DESKTOP-UGNGHO0" failures="0" tests="4" name="Default test" time="12.757" errors="0" timestamp="2024-07-16T02:58:47 IST">
  <testcase classname="testcases.UserTest" name="testPostUser" time="4.967"/>
  <testcase classname="testcases.UserTest" name="testGetUserByName" time="1.227"/>
  <testcase classname="testcases.UserTest" name="testUpdateUser" time="2.283"/>
  <testcase classname="testcases.UserTest" name="testDeleteUserByName" time="1.163"/>
</testsuite> <!-- Default test -->
