<?xml version="1.0" encoding="UTF-8"?>
<!-- Generated by org.testng.reporters.JUnitXMLReporter -->
<testsuite ignored="0" hostname="DESKTOP-UGNGHO0" failures="0" tests="10" name="Surefire test" time="21.576" errors="0" timestamp="2024-07-16T23:38:09 IST">
  <testcase classname="testcases.DataDrivenTests" name="testPostUser" time="4.809"/>
  <testcase classname="testcases.DataDrivenTests" name="testPostUser" time="1.3"/>
  <testcase classname="testcases.DataDrivenTests" name="testPostUser" time="1.207"/>
  <testcase classname="testcases.DataDrivenTests" name="testDeleteUserByName" time="1.302"/>
  <testcase classname="testcases.DataDrivenTests" name="testDeleteUserByName" time="1.136"/>
  <testcase classname="testcases.DataDrivenTests" name="testDeleteUserByName" time="1.209"/>
  <testcase classname="testcases.UserTest" name="testPostUser" time="1.276"/>
  <testcase classname="testcases.UserTest" name="testGetUserByName" time="1.368"/>
  <testcase classname="testcases.UserTest" name="testUpdateUser" time="2.316"/>
  <testcase classname="testcases.UserTest" name="testDeleteUserByName" time="1.124"/>
</testsuite> <!-- Surefire test -->
