<?xml version="1.0" encoding="UTF-8"?>
<testsuite xmlns:xsi="http://www.w3.org/2001/XMLSchema-instance" xsi:noNamespaceSchemaLocation="https://maven.apache.org/surefire/maven-surefire-plugin/xsd/surefire-test-report.xsd" version="3.0.2" name="TestSuite" time="22.534" tests="11" errors="0" skipped="0" failures="0">
  <properties>
[...]
</properties>
  <testcase name="testPostUser[1010, testuser1, John, Canedy, a@gmail.com, test@1, 1234567897](1)" classname="testcases.DataDrivenTests" time="4.824">
    <system-out><![CDATA[HTTP/1.1 200 OK
Date: Tue, 16 Jul 2024 18:07:55 GMT
Content-Type: application/json
Transfer-Encoding: chunked
Connection: keep-alive
Access-Control-Allow-Origin: *
Access-Control-Allow-Methods: GET, POST, DELETE, PUT
Access-Control-Allow-Headers: Content-Type, api_key, Authorization
Server: Jetty(9.2.9.v20150224)

{
    "code": 200,
    "type": "unknown",
    "message": "1010"
}
]]></system-out>
    <system-err><![CDATA[SLF4J: Failed to load class "org.slf4j.impl.StaticLoggerBinder".
SLF4J: Defaulting to no-operation (NOP) logger implementation
SLF4J: See http://www.slf4j.org/codes.html#StaticLoggerBinder for further details.
]]></system-err>
  </testcase>
  <testcase name="testPostUser[1020, testuser2, Kim, Kom, b@gmail.com, test@2, 1234567897](2)" classname="testcases.DataDrivenTests" time="1.299">
    <system-out><![CDATA[HTTP/1.1 200 OK
Date: Tue, 16 Jul 2024 18:07:57 GMT
Content-Type: application/json
Transfer-Encoding: chunked
Connection: keep-alive
Access-Control-Allow-Origin: *
Access-Control-Allow-Methods: GET, POST, DELETE, PUT
Access-Control-Allow-Headers: Content-Type, api_key, Authorization
Server: Jetty(9.2.9.v20150224)

{
    "code": 200,
    "type": "unknown",
    "message": "1020"
}
]]></system-out>
  </testcase>
  <testcase name="testPostUser[1030, testuser3, Smith, Steve, c@gmail.com, test@3, 1234567897](3)" classname="testcases.DataDrivenTests" time="1.192">
    <system-out><![CDATA[HTTP/1.1 200 OK
Date: Tue, 16 Jul 2024 18:07:58 GMT
Content-Type: application/json
Transfer-Encoding: chunked
Connection: keep-alive
Access-Control-Allow-Origin: *
Access-Control-Allow-Methods: GET, POST, DELETE, PUT
Access-Control-Allow-Headers: Content-Type, api_key, Authorization
Server: Jetty(9.2.9.v20150224)

{
    "code": 200,
    "type": "unknown",
    "message": "1030"
}
]]></system-out>
  </testcase>
  <testcase name="testDeleteUserByName[testuser1](1)" classname="testcases.DataDrivenTests" time="1.302"/>
  <testcase name="testDeleteUserByName[testuser2](2)" classname="testcases.DataDrivenTests" time="1.135"/>
  <testcase name="testDeleteUserByName[testuser3](3)" classname="testcases.DataDrivenTests" time="1.207"/>
  <testcase name="testPostUser" classname="testcases.UserTest" time="1.274">
    <system-out><![CDATA[{
    "code": 200,
    "type": "unknown",
    "message": "1833045213"
}
]]></system-out>
  </testcase>
  <testcase name="testGetUserByName" classname="testcases.UserTest" time="1.37">
    <system-out><![CDATA[{
    "id": 1833045213,
    "username": "denny.schmitt",
    "firstName": "Treva",
    "lastName": "Reichert",
    "email": "velda.osinski@example.com",
    "password": "bwzdvr514",
    "phone": "636-809-7290",
    "userStatus": 0
}
]]></system-out>
  </testcase>
  <testcase name="testUpdateUser" classname="testcases.UserTest" time="2.312">
    <system-out><![CDATA[{
    "code": 200,
    "type": "unknown",
    "message": "1833045213"
}
{
    "id": 1833045213,
    "username": "denny.schmitt",
    "firstName": "Tyler",
    "lastName": "Upton",
    "email": "laverne.oberbrunner@example.com",
    "password": "bwzdvr514",
    "phone": "636-809-7290",
    "userStatus": 0
}
]]></system-out>
  </testcase>
  <testcase name="testDeleteUserByName" classname="testcases.UserTest" time="1.125">
    <system-out><![CDATA[{
    "code": 200,
    "type": "unknown",
    "message": "denny.schmitt"
}
]]></system-out>
  </testcase>
  <testcase name="testApp on testApp(RestFrameworkpkg.AppTest)" classname="RestFrameworkpkg.AppTest" time="1.314"/>
</testsuite>