<?xml version="1.0" encoding="UTF-8"?>
<testng-results ignored="0" total="4" passed="4" failed="0" skipped="0">
  <reporter-output>
  </reporter-output>
  <suite started-at="2024-07-16T23:10:28 IST" name="PetSuite" finished-at="2024-07-16T23:10:43 IST" duration-ms="15634">
    <groups>
    </groups>
    <test started-at="2024-07-16T23:10:28 IST" name="PetTests" finished-at="2024-07-16T23:10:43 IST" duration-ms="15634">
      <class name="testcases.UserTest_withprop">
        <test-method is-config="true" signature="setup()[pri:0, instance:testcases.UserTest_withprop@6ed3ccb2]" started-at="2024-07-16T23:10:28 IST" name="setup" finished-at="2024-07-16T23:10:31 IST" duration-ms="2495" status="PASS">
          <reporter-output>
          </reporter-output>
        </test-method> <!-- setup -->
        <test-method signature="testPostUser()[pri:1, instance:testcases.UserTest_withprop@6ed3ccb2]" started-at="2024-07-16T23:10:31 IST" name="testPostUser" finished-at="2024-07-16T23:10:38 IST" duration-ms="6598" status="PASS">
          <reporter-output>
          </reporter-output>
        </test-method> <!-- testPostUser -->
        <test-method signature="testGetUserByName()[pri:2, instance:testcases.UserTest_withprop@6ed3ccb2]" started-at="2024-07-16T23:10:38 IST" name="testGetUserByName" finished-at="2024-07-16T23:10:39 IST" duration-ms="1660" status="PASS">
          <reporter-output>
          </reporter-output>
        </test-method> <!-- testGetUserByName -->
        <test-method signature="testUpdateUser()[pri:3, instance:testcases.UserTest_withprop@6ed3ccb2]" started-at="2024-07-16T23:10:39 IST" name="testUpdateUser" finished-at="2024-07-16T23:10:42 IST" duration-ms="2835" status="PASS">
          <reporter-output>
          </reporter-output>
        </test-method> <!-- testUpdateUser -->
        <test-method signature="testDeleteUserByName()[pri:4, instance:testcases.UserTest_withprop@6ed3ccb2]" started-at="2024-07-16T23:10:42 IST" name="testDeleteUserByName" finished-at="2024-07-16T23:10:43 IST" duration-ms="1208" status="PASS">
          <reporter-output>
          </reporter-output>
        </test-method> <!-- testDeleteUserByName -->
      </class> <!-- testcases.UserTest_withprop -->
    </test> <!-- PetTests -->
  </suite> <!-- PetSuite -->
</testng-results>
